<?xml version="1.0" encoding="UTF-8"?>
<!-- Generated by org.testng.reporters.JUnitXMLReporter -->
<testsuite hostname="hostname" name="Login Tests" tests="1" failures="1" timestamp="13 Oct 2017 09:11:32 GMT" time="27.142" errors="0">
  <testcase name="loginSuccess" time="23.731" classname="com.extrabux.tests.LoginTests">
    <failure type="java.lang.Exception" message="currentPage title: Ebates海淘返利网 - 海淘优惠更新超快的返利网
 currentPage url: https://staging-current.ebates.cn/
timed out waiting for member to display. element was not found on current page (https://staging-current.ebates.cn/).  possible white page displayed">
      <![CDATA[java.lang.Exception: currentPage title: Ebates海淘返利网 - 海淘优惠更新超快的返利网
 currentPage url: https://staging-current.ebates.cn/
timed out waiting for member to display. element was not found on current page (https://staging-current.ebates.cn/).  possible white page displayed
	at com.extrabux.tests.LoginTests.loginSuccess(LoginTests.java:31)
... Removed 28 stack frames]]>
    </failure>
  </testcase> <!-- loginSuccess -->
</testsuite> <!-- Login Tests -->
