<?xml version="1.0" encoding="UTF-8"?>
<!-- Generated by org.testng.reporters.JUnitXMLReporter -->
<testsuite hostname="hostname" name="Ticket Tests" tests="1" failures="1" timestamp="13 Oct 2017 09:12:05 GMT" time="23.284" errors="0">
  <testcase name="testStoreTransferClick" time="20.661" classname="com.extrabux.tests.TrackingTicketTests">
    <failure type="java.lang.Exception" message="currentPage title: Ebates海淘返利网 - 海淘优惠更新超快的返利网
 currentPage url: https://staging-current.ebates.cn/
timed out waiting for member to display. element was not found on current page (https://staging-current.ebates.cn/).  possible white page displayed">
      <![CDATA[java.lang.Exception: currentPage title: Ebates海淘返利网 - 海淘优惠更新超快的返利网
 currentPage url: https://staging-current.ebates.cn/
timed out waiting for member to display. element was not found on current page (https://staging-current.ebates.cn/).  possible white page displayed
	at com.extrabux.tests.TrackingTicketTests.testStoreTransferClick(TrackingTicketTests.java:62)
... Removed 28 stack frames]]>
    </failure>
  </testcase> <!-- testStoreTransferClick -->
</testsuite> <!-- Ticket Tests -->
